d:\code\workstation\trunk\server\server\x64\debug\server.pch
d:\code\workstation\trunk\server\server\x64\debug\vc140.pdb
d:\code\workstation\trunk\server\server\x64\debug\vc140.idb
d:\code\workstation\trunk\server\server\x64\debug\stdafx.obj
d:\code\workstation\trunk\server\server\x64\debug\dlgmain.obj
d:\code\workstation\trunk\server\server\x64\debug\server.obj
d:\code\workstation\trunk\server\server\x64\debug\dlgregesiter.obj
d:\code\workstation\trunk\server\server\x64\debug\mysqloperate.obj
d:\code\workstation\trunk\server\server\x64\debug\serverdlg.obj
d:\code\workstation\trunk\server\x64\debug\server.ilk
d:\code\workstation\trunk\server\x64\debug\server.exe
d:\code\workstation\trunk\server\x64\debug\server.pdb
d:\code\workstation\trunk\server\server\x64\debug\server.res
d:\code\workstation\trunk\server\server\x64\debug\server.tlog\cl.command.1.tlog
d:\code\workstation\trunk\server\server\x64\debug\server.tlog\cl.read.1.tlog
d:\code\workstation\trunk\server\server\x64\debug\server.tlog\cl.write.1.tlog
d:\code\workstation\trunk\server\server\x64\debug\server.tlog\link.command.1.tlog
d:\code\workstation\trunk\server\server\x64\debug\server.tlog\link.read.1.tlog
d:\code\workstation\trunk\server\server\x64\debug\server.tlog\link.write.1.tlog
d:\code\workstation\trunk\server\server\x64\debug\server.tlog\rc.command.1.tlog
d:\code\workstation\trunk\server\server\x64\debug\server.tlog\rc.read.1.tlog
d:\code\workstation\trunk\server\server\x64\debug\server.tlog\rc.write.1.tlog
